Build started 1/18/2016 1:59:43 AM.
     1>Project "C:\Users\Sumant\Documents\GitHub\xgboost\windows\xgboost_wrapper\xgboost_wrapper.vcxproj" on node 3 (Rebuild target(s)).
     1>ClCompile:
         C:\Program Files (x86)\Microsoft Visual Studio 11.0\VC\bin\CL.exe /c /ZI /nologo /W3 /WX- /Od /Oy- /D _WINDLL /D _MBCS /Gm /EHsc /RTC1 /MDd /GS /fp:precise /Zc:wchar_t /Zc:forScope /Fo"Debug\\" /Fd"Debug\vc110.pdb" /Gd /TP /analyze- /errorReport:prompt ..\..\src\gbm\gbm.cpp ..\..\src\io\dmlc_simple.cpp ..\..\src\io\io.cpp ..\..\src\tree\updater.cpp ..\..\subtree\rabit\src\engine_empty.cc ..\..\wrapper\xgboost_wrapper.cpp
         xgboost_wrapper.cpp
     1>c:\users\sumant\documents\github\xgboost\src\learner\learner-inl.hpp(181): warning C4244: 'argument' : conversion from 'uint64_t' to 'unsigned int', possible loss of data
     1>c:\users\sumant\documents\github\xgboost\src\learner\learner-inl.hpp(182): warning C4244: 'argument' : conversion from 'uint64_t' to 'size_t', possible loss of data
     1>c:\users\sumant\documents\github\xgboost\wrapper\xgboost_wrapper.cpp(410): warning C4244: 'argument' : conversion from 'uint64_t' to 'unsigned int', possible loss of data
     1>CL : warning : lgamma function was not available until VS2013, poisson regression will be disabled
         engine_empty.cc
         updater.cpp
         io.cpp
         dmlc_simple.cpp
         gbm.cpp
     1>c:\users\sumant\documents\github\xgboost\src\gbm\gbtree-inl.hpp(162): warning C4244: 'argument' : conversion from 'int64_t' to 'size_t', possible loss of data
     1>c:\users\sumant\documents\github\xgboost\src\gbm\gbtree-inl.hpp(163): warning C4244: 'argument' : conversion from 'int64_t' to 'unsigned int', possible loss of data
     1>c:\users\sumant\documents\github\xgboost\src\gbm\gbtree-inl.hpp(297): warning C4244: 'argument' : conversion from 'const int64_t' to 'unsigned int', possible loss of data
     1>c:\users\sumant\documents\github\xgboost\src\gbm\gbtree-inl.hpp(299): warning C4244: 'argument' : conversion from 'const int64_t' to 'unsigned int', possible loss of data
     1>c:\users\sumant\documents\github\xgboost\src\gbm\gbtree-inl.hpp(301): warning C4244: 'argument' : conversion from 'const int64_t' to 'unsigned int', possible loss of data
     1>c:\users\sumant\documents\github\xgboost\src\gbm\gbtree-inl.hpp(303): warning C4244: 'argument' : conversion from 'const int64_t' to 'unsigned int', possible loss of data
     1>c:\users\sumant\documents\github\xgboost\src\gbm\gbtree-inl.hpp(323): warning C4244: 'argument' : conversion from 'const int64_t' to 'unsigned int', possible loss of data
     1>c:\users\sumant\documents\github\xgboost\src\gbm\gbtree-inl.hpp(324): warning C4244: 'argument' : conversion from 'const int64_t' to 'unsigned int', possible loss of data
     1>c:\users\sumant\documents\github\xgboost\src\gbm\gbtree-inl.hpp(326): warning C4244: 'argument' : conversion from 'const int64_t' to 'unsigned int', possible loss of data
     1>c:\users\sumant\documents\github\xgboost\src\gbm\gbtree-inl.hpp(345): warning C4244: 'argument' : conversion from 'const int64_t' to 'unsigned int', possible loss of data
     1>c:\users\sumant\documents\github\xgboost\src\gbm\gbtree-inl.hpp(346): warning C4244: 'argument' : conversion from 'const int64_t' to 'unsigned int', possible loss of data
     1>c:\users\sumant\documents\github\xgboost\src\gbm\gbtree-inl.hpp(348): warning C4244: 'argument' : conversion from 'const int64_t' to 'unsigned int', possible loss of data
     1>c:\users\sumant\documents\github\xgboost\src\gbm\gbtree-inl.hpp(485): warning C4244: 'return' : conversion from 'const int64_t' to 'size_t', possible loss of data
         Generating Code...
       Link:
         C:\Program Files (x86)\Microsoft Visual Studio 11.0\VC\bin\link.exe /ERRORREPORT:PROMPT /OUT:"C:\Users\Sumant\Documents\GitHub\xgboost\windows\Debug\xgboost_wrapper.dll" /INCREMENTAL /NOLOGO kernel32.lib user32.lib gdi32.lib winspool.lib comdlg32.lib advapi32.lib shell32.lib ole32.lib oleaut32.lib uuid.lib odbc32.lib odbccp32.lib /MANIFEST /MANIFESTUAC:"level='asInvoker' uiAccess='false'" /manifest:embed /DEBUG /PDB:"C:\Users\Sumant\Documents\GitHub\xgboost\windows\Debug\xgboost_wrapper.pdb" /TLBID:1 /DYNAMICBASE /NXCOMPAT /IMPLIB:"C:\Users\Sumant\Documents\GitHub\xgboost\windows\Debug\xgboost_wrapper.lib" /MACHINE:X86 /DLL Debug\gbm.obj
         Debug\dmlc_simple.obj
         Debug\io.obj
         Debug\updater.obj
         Debug\engine_empty.obj
         Debug\xgboost_wrapper.obj
            Creating library C:\Users\Sumant\Documents\GitHub\xgboost\windows\Debug\xgboost_wrapper.lib and object C:\Users\Sumant\Documents\GitHub\xgboost\windows\Debug\xgboost_wrapper.exp
         xgboost_wrapper.vcxproj -> C:\Users\Sumant\Documents\GitHub\xgboost\windows\Debug\xgboost_wrapper.dll
     1>Done Building Project "C:\Users\Sumant\Documents\GitHub\xgboost\windows\xgboost_wrapper\xgboost_wrapper.vcxproj" (Rebuild target(s)).

Build succeeded.

Time Elapsed 00:00:11.89
